# JRE version: OpenJDK Runtime Environment Temurin-21.0.10+7 (21.0.10+7) (build 21.0.10+7-LTS)
# Java VM: OpenJDK 64-Bit Server VM Temurin-21.0.10+7 (21.0.10+7-LTS, mixed mode, sharing, tiered, compressed oops, compressed class ptrs, g1 gc, windows-amd64)
GC Precious Log:
 CardTable entry size: 512
 Card Set container configuration: InlinePtr #cards 4 size 8 Array Of Cards #cards 32 size 80 Howl #buckets 8 coarsen threshold 7372 Howl Bitmap #cards 1024 size 144 coarsen threshold 921 Card regions per heap region 1 cards per card region 8192
 CPUs: 4 total, 4 available
 Memory: 3836M
 Large Page Support: Disabled
 NUMA Support: Disabled
 Compressed Oops: Enabled (Zero based)
 Heap Region Size: 4M
 Heap Min Capacity: 8M
 Heap Initial Capacity: 60M
 Heap Max Capacity: 8G
 Pre-touch: Disabled
 Parallel Workers: 4
 Concurrent Workers: 1
 Concurrent Refinement Workers: 4
 Periodic GC: Disabled
Heap:
 garbage-first heap   total 208896K, used 143977K [0x0000000600000000, 0x0000000800000000)
  region size 4096K, 7 young (28672K), 3 survivors (12288K)
 Metaspace       used 109792K, committed 112320K, reserved 1179648K
  class space    used 15621K, committed 16832K, reserved 1048576K
GC Heap History (20 events):
Event: 145.671 GC heap before
{Heap before GC invocations=48 (full 0):
 garbage-first heap   total 143360K, used 123097K [0x0000000600000000, 0x0000000800000000)
  region size 4096K, 12 young (49152K), 2 survivors (8192K)
 Metaspace       used 80698K, committed 82944K, reserved 1179648K
  class space    used 11661K, committed 12800K, reserved 1048576K
}
Event: 145.687 GC heap after
{Heap after GC invocations=49 (full 0):
 garbage-first heap   total 151552K, used 102396K [0x0000000600000000, 0x0000000800000000)
  region size 4096K, 2 young (8192K), 2 survivors (8192K)
 Metaspace       used 80698K, committed 82944K, reserved 1179648K
  class space    used 11661K, committed 12800K, reserved 1048576K
}
Event: 146.467 GC heap before
{Heap before GC invocations=50 (full 0):
 garbage-first heap   total 172032K, used 126972K [0x0000000600000000, 0x0000000800000000)
  region size 4096K, 9 young (36864K), 2 survivors (8192K)
 Metaspace       used 83425K, committed 85696K, reserved 1179648K
  class space    used 11965K, committed 13120K, reserved 1048576K
}
Event: 146.475 GC heap after
{Heap after GC invocations=51 (full 0):
 garbage-first heap   total 172032K, used 104061K [0x0000000600000000, 0x0000000800000000)
  region size 4096K, 1 young (4096K), 1 survivors (4096K)
 Metaspace       used 83425K, committed 85696K, reserved 1179648K
  class space    used 11965K, committed 13120K, reserved 1048576K
}
Event: 147.574 GC heap before
{Heap before GC invocations=51 (full 0):
 garbage-first heap   total 172032K, used 136829K [0x0000000600000000, 0x0000000800000000)
  region size 4096K, 10 young (40960K), 1 survivors (4096K)
 Metaspace       used 85861K, committed 88192K, reserved 1179648K
  class space    used 12264K, committed 13440K, reserved 1048576K
}
Event: 147.589 GC heap after
{Heap after GC invocations=52 (full 0):
 garbage-first heap   total 172032K, used 107944K [0x0000000600000000, 0x0000000800000000)
  region size 4096K, 2 young (8192K), 2 survivors (8192K)
 Metaspace       used 85861K, committed 88192K, reserved 1179648K
  class space    used 12264K, committed 13440K, reserved 1048576K
}
Event: 148.892 GC heap before
{Heap before GC invocations=52 (full 0):
 garbage-first heap   total 172032K, used 144808K [0x0000000600000000, 0x0000000800000000)
  region size 4096K, 11 young (45056K), 2 survivors (8192K)
 Metaspace       used 88669K, committed 91008K, reserved 1179648K
  class space    used 12623K, committed 13760K, reserved 1048576K
}
Event: 148.903 GC heap after
{Heap after GC invocations=53 (full 0):
 garbage-first heap   total 208896K, used 110338K [0x0000000600000000, 0x0000000800000000)
  region size 4096K, 1 young (4096K), 1 survivors (4096K)
 Metaspace       used 88669K, committed 91008K, reserved 1179648K
  class space    used 12623K, committed 13760K, reserved 1048576K
}
Event: 151.202 GC heap before
{Heap before GC invocations=54 (full 0):
 garbage-first heap   total 208896K, used 171778K [0x0000000600000000, 0x0000000800000000)
  region size 4096K, 16 young (65536K), 1 survivors (4096K)
 Metaspace       used 93502K, committed 95808K, reserved 1179648K
  class space    used 13270K, committed 14400K, reserved 1048576K
}
Event: 151.207 GC heap after
{Heap after GC invocations=55 (full 0):
 garbage-first heap   total 208896K, used 112235K [0x0000000600000000, 0x0000000800000000)
  region size 4096K, 1 young (4096K), 1 survivors (4096K)
 Metaspace       used 93502K, committed 95808K, reserved 1179648K
  class space    used 13270K, committed 14400K, reserved 1048576K
}
Event: 153.258 GC heap before
{Heap before GC invocations=55 (full 0):
 garbage-first heap   total 208896K, used 181867K [0x0000000600000000, 0x0000000800000000)
  region size 4096K, 18 young (73728K), 1 survivors (4096K)
 Metaspace       used 96841K, committed 99200K, reserved 1179648K
  class space    used 13737K, committed 14912K, reserved 1048576K
}
Event: 153.279 GC heap after
{Heap after GC invocations=56 (full 0):
 garbage-first heap   total 208896K, used 117797K [0x0000000600000000, 0x0000000800000000)
  region size 4096K, 3 young (12288K), 3 survivors (12288K)
 Metaspace       used 96841K, committed 99200K, reserved 1179648K
  class space    used 13737K, committed 14912K, reserved 1048576K
}
Event: 155.044 GC heap before
{Heap before GC invocations=56 (full 0):
 garbage-first heap   total 208896K, used 183333K [0x0000000600000000, 0x0000000800000000)
  region size 4096K, 19 young (77824K), 3 survivors (12288K)
 Metaspace       used 101814K, committed 104192K, reserved 1179648K
  class space    used 14586K, committed 15744K, reserved 1048576K
}
Event: 155.066 GC heap after
{Heap after GC invocations=57 (full 0):
 garbage-first heap   total 208896K, used 120391K [0x0000000600000000, 0x0000000800000000)
  region size 4096K, 2 young (8192K), 2 survivors (8192K)
 Metaspace       used 101814K, committed 104192K, reserved 1179648K
  class space    used 14586K, committed 15744K, reserved 1048576K
}
Event: 161.531 GC heap before
{Heap before GC invocations=58 (full 0):
 garbage-first heap   total 208896K, used 190023K [0x0000000600000000, 0x0000000800000000)
  region size 4096K, 19 young (77824K), 2 survivors (8192K)
 Metaspace       used 106209K, committed 108736K, reserved 1179648K
  class space    used 15206K, committed 16448K, reserved 1048576K
}
Event: 161.592 GC heap after
{Heap after GC invocations=59 (full 0):
 garbage-first heap   total 208896K, used 123702K [0x0000000600000000, 0x0000000800000000)
  region size 4096K, 2 young (8192K), 2 survivors (8192K)
 Metaspace       used 106209K, committed 108736K, reserved 1179648K
  class space    used 15206K, committed 16448K, reserved 1048576K
}
Event: 266.422 GC heap before
{Heap before GC invocations=59 (full 0):
 garbage-first heap   total 208896K, used 189238K [0x0000000600000000, 0x0000000800000000)
  region size 4096K, 18 young (73728K), 2 survivors (8192K)
 Metaspace       used 108404K, committed 110912K, reserved 1179648K
  class space    used 15494K, committed 16704K, reserved 1048576K
}
Event: 266.631 GC heap after
{Heap after GC invocations=60 (full 0):
 garbage-first heap   total 208896K, used 127451K [0x0000000600000000, 0x0000000800000000)
  region size 4096K, 3 young (12288K), 3 survivors (12288K)
 Metaspace       used 108404K, committed 110912K, reserved 1179648K
  class space    used 15494K, committed 16704K, reserved 1048576K
}
Event: 350.766 GC heap before
{Heap before GC invocations=60 (full 0):
 garbage-first heap   total 208896K, used 184795K [0x0000000600000000, 0x0000000800000000)
  region size 4096K, 18 young (73728K), 3 survivors (12288K)
 Metaspace       used 109676K, committed 112192K, reserved 1179648K
  class space    used 15619K, committed 16832K, reserved 1048576K
}
Event: 351.032 GC heap after
{Heap after GC invocations=61 (full 0):
 garbage-first heap   total 208896K, used 131689K [0x0000000600000000, 0x0000000800000000)
  region size 4096K, 3 young (12288K), 3 survivors (12288K)
 Metaspace       used 109676K, committed 112192K, reserved 1179648K
  class space    used 15619K, committed 16832K, reserved 1048576K
}

