# JRE version: OpenJDK Runtime Environment Temurin-21.0.10+7 (21.0.10+7) (build 21.0.10+7-LTS)
# Java VM: OpenJDK 64-Bit Server VM Temurin-21.0.10+7 (21.0.10+7-LTS, mixed mode, sharing, tiered, compressed oops, compressed class ptrs, parallel gc, windows-amd64)
GC Precious Log:
 CardTable entry size: 512
 CPUs: 4 total, 4 available
 Memory: 3836M
 Large Page Support: Disabled
 NUMA Support: Disabled
 Compressed Oops: Enabled (32-bit)
 Alignments: Space 512K, Generation 512K, Heap 2M
 Heap Min Capacity: 100M
 Heap Initial Capacity: 100M
 Heap Max Capacity: 2G
 Pre-touch: Disabled
 Parallel Workers: 4
Heap:
 PSYoungGen      total 22528K, used 1110K [0x00000000d5580000, 0x00000000d7200000, 0x0000000100000000)
  eden space 22016K, 4% used [0x00000000d5580000,0x00000000d566d950,0x00000000d6b00000)
  from space 512K, 31% used [0x00000000d7180000,0x00000000d71a8000,0x00000000d7200000)
  to   space 512K, 0% used [0x00000000d7100000,0x00000000d7100000,0x00000000d7180000)
 ParOldGen       total 68608K, used 44752K [0x0000000080000000, 0x0000000084300000, 0x00000000d5580000)
  object space 68608K, 65% used [0x0000000080000000,0x0000000082bb4310,0x0000000084300000)
 Metaspace       used 69260K, committed 70656K, reserved 1114112K
  class space    used 8735K, committed 9344K, reserved 1048576K
GC Heap History (20 events):
Event: 93.087 GC heap before
{Heap before GC invocations=36 (full 3):
 PSYoungGen      total 22528K, used 22523K [0x00000000d5580000, 0x00000000d7300000, 0x0000000100000000)
  eden space 22016K, 100% used [0x00000000d5580000,0x00000000d6b00000,0x00000000d6b00000)
  from space 512K, 99% used [0x00000000d7280000,0x00000000d72fee30,0x00000000d7300000)
  to   space 1536K, 0% used [0x00000000d7000000,0x00000000d7000000,0x00000000d7180000)
 ParOldGen       total 68608K, used 43223K [0x0000000080000000, 0x0000000084300000, 0x00000000d5580000)
  object space 68608K, 63% used [0x0000000080000000,0x0000000082a35eb8,0x0000000084300000)
 Metaspace       used 65246K, committed 66496K, reserved 1114112K
  class space    used 8197K, committed 8768K, reserved 1048576K
}
Event: 93.088 GC heap after
{Heap after GC invocations=36 (full 3):
 PSYoungGen      total 23552K, used 314K [0x00000000d5580000, 0x00000000d7300000, 0x0000000100000000)
  eden space 22016K, 0% used [0x00000000d5580000,0x00000000d5580000,0x00000000d6b00000)
  from space 1536K, 20% used [0x00000000d7000000,0x00000000d704ea48,0x00000000d7180000)
  to   space 1024K, 0% used [0x00000000d7200000,0x00000000d7200000,0x00000000d7300000)
 ParOldGen       total 68608K, used 43455K [0x0000000080000000, 0x0000000084300000, 0x00000000d5580000)
  object space 68608K, 63% used [0x0000000080000000,0x0000000082a6feb8,0x0000000084300000)
 Metaspace       used 65246K, committed 66496K, reserved 1114112K
  class space    used 8197K, committed 8768K, reserved 1048576K
}
Event: 94.162 GC heap before
{Heap before GC invocations=37 (full 3):
 PSYoungGen      total 23552K, used 22330K [0x00000000d5580000, 0x00000000d7300000, 0x0000000100000000)
  eden space 22016K, 100% used [0x00000000d5580000,0x00000000d6b00000,0x00000000d6b00000)
  from space 1536K, 20% used [0x00000000d7000000,0x00000000d704ea48,0x00000000d7180000)
  to   space 1024K, 0% used [0x00000000d7200000,0x00000000d7200000,0x00000000d7300000)
 ParOldGen       total 68608K, used 43455K [0x0000000080000000, 0x0000000084300000, 0x00000000d5580000)
  object space 68608K, 63% used [0x0000000080000000,0x0000000082a6feb8,0x0000000084300000)
 Metaspace       used 65246K, committed 66496K, reserved 1114112K
  class space    used 8197K, committed 8768K, reserved 1048576K
}
Event: 94.164 GC heap after
{Heap after GC invocations=37 (full 3):
 PSYoungGen      total 22528K, used 160K [0x00000000d5580000, 0x00000000d7280000, 0x0000000100000000)
  eden space 22016K, 0% used [0x00000000d5580000,0x00000000d5580000,0x00000000d6b00000)
  from space 512K, 31% used [0x00000000d7200000,0x00000000d7228000,0x00000000d7280000)
  to   space 512K, 0% used [0x00000000d7180000,0x00000000d7180000,0x00000000d7200000)
 ParOldGen       total 68608K, used 43519K [0x0000000080000000, 0x0000000084300000, 0x00000000d5580000)
  object space 68608K, 63% used [0x0000000080000000,0x0000000082a7fec8,0x0000000084300000)
 Metaspace       used 65246K, committed 66496K, reserved 1114112K
  class space    used 8197K, committed 8768K, reserved 1048576K
}
Event: 94.512 GC heap before
{Heap before GC invocations=38 (full 3):
 PSYoungGen      total 22528K, used 22176K [0x00000000d5580000, 0x00000000d7280000, 0x0000000100000000)
  eden space 22016K, 100% used [0x00000000d5580000,0x00000000d6b00000,0x00000000d6b00000)
  from space 512K, 31% used [0x00000000d7200000,0x00000000d7228000,0x00000000d7280000)
  to   space 512K, 0% used [0x00000000d7180000,0x00000000d7180000,0x00000000d7200000)
 ParOldGen       total 68608K, used 43519K [0x0000000080000000, 0x0000000084300000, 0x00000000d5580000)
  object space 68608K, 63% used [0x0000000080000000,0x0000000082a7fec8,0x0000000084300000)
 Metaspace       used 65246K, committed 66496K, reserved 1114112K
  class space    used 8197K, committed 8768K, reserved 1048576K
}
Event: 94.514 GC heap after
{Heap after GC invocations=38 (full 3):
 PSYoungGen      total 22528K, used 315K [0x00000000d5580000, 0x00000000d7280000, 0x0000000100000000)
  eden space 22016K, 0% used [0x00000000d5580000,0x00000000d5580000,0x00000000d6b00000)
  from space 512K, 61% used [0x00000000d7180000,0x00000000d71ceeb8,0x00000000d7200000)
  to   space 512K, 0% used [0x00000000d7200000,0x00000000d7200000,0x00000000d7280000)
 ParOldGen       total 68608K, used 43543K [0x0000000080000000, 0x0000000084300000, 0x00000000d5580000)
  object space 68608K, 63% used [0x0000000080000000,0x0000000082a85ec8,0x0000000084300000)
 Metaspace       used 65246K, committed 66496K, reserved 1114112K
  class space    used 8197K, committed 8768K, reserved 1048576K
}
Event: 94.821 GC heap before
{Heap before GC invocations=39 (full 3):
 PSYoungGen      total 22528K, used 22331K [0x00000000d5580000, 0x00000000d7280000, 0x0000000100000000)
  eden space 22016K, 100% used [0x00000000d5580000,0x00000000d6b00000,0x00000000d6b00000)
  from space 512K, 61% used [0x00000000d7180000,0x00000000d71ceeb8,0x00000000d7200000)
  to   space 512K, 0% used [0x00000000d7200000,0x00000000d7200000,0x00000000d7280000)
 ParOldGen       total 68608K, used 43543K [0x0000000080000000, 0x0000000084300000, 0x00000000d5580000)
  object space 68608K, 63% used [0x0000000080000000,0x0000000082a85ec8,0x0000000084300000)
 Metaspace       used 65246K, committed 66496K, reserved 1114112K
  class space    used 8197K, committed 8768K, reserved 1048576K
}
Event: 94.822 GC heap after
{Heap after GC invocations=39 (full 3):
 PSYoungGen      total 22528K, used 96K [0x00000000d5580000, 0x00000000d7280000, 0x0000000100000000)
  eden space 22016K, 0% used [0x00000000d5580000,0x00000000d5580000,0x00000000d6b00000)
  from space 512K, 18% used [0x00000000d7200000,0x00000000d7218000,0x00000000d7280000)
  to   space 512K, 0% used [0x00000000d7180000,0x00000000d7180000,0x00000000d7200000)
 ParOldGen       total 68608K, used 43567K [0x0000000080000000, 0x0000000084300000, 0x00000000d5580000)
  object space 68608K, 63% used [0x0000000080000000,0x0000000082a8bec8,0x0000000084300000)
 Metaspace       used 65246K, committed 66496K, reserved 1114112K
  class space    used 8197K, committed 8768K, reserved 1048576K
}
Event: 95.369 GC heap before
{Heap before GC invocations=40 (full 3):
 PSYoungGen      total 22528K, used 22112K [0x00000000d5580000, 0x00000000d7280000, 0x0000000100000000)
  eden space 22016K, 100% used [0x00000000d5580000,0x00000000d6b00000,0x00000000d6b00000)
  from space 512K, 18% used [0x00000000d7200000,0x00000000d7218000,0x00000000d7280000)
  to   space 512K, 0% used [0x00000000d7180000,0x00000000d7180000,0x00000000d7200000)
 ParOldGen       total 68608K, used 43567K [0x0000000080000000, 0x0000000084300000, 0x00000000d5580000)
  object space 68608K, 63% used [0x0000000080000000,0x0000000082a8bec8,0x0000000084300000)
 Metaspace       used 65246K, committed 66496K, reserved 1114112K
  class space    used 8197K, committed 8768K, reserved 1048576K
}
Event: 95.370 GC heap after
{Heap after GC invocations=40 (full 3):
 PSYoungGen      total 22528K, used 181K [0x00000000d5580000, 0x00000000d7280000, 0x0000000100000000)
  eden space 22016K, 0% used [0x00000000d5580000,0x00000000d5580000,0x00000000d6b00000)
  from space 512K, 35% used [0x00000000d7180000,0x00000000d71ad4b8,0x00000000d7200000)
  to   space 512K, 0% used [0x00000000d7200000,0x00000000d7200000,0x00000000d7280000)
 ParOldGen       total 68608K, used 43591K [0x0000000080000000, 0x0000000084300000, 0x00000000d5580000)
  object space 68608K, 63% used [0x0000000080000000,0x0000000082a91ec8,0x0000000084300000)
 Metaspace       used 65246K, committed 66496K, reserved 1114112K
  class space    used 8197K, committed 8768K, reserved 1048576K
}
Event: 96.685 GC heap before
{Heap before GC invocations=41 (full 3):
 PSYoungGen      total 22528K, used 22197K [0x00000000d5580000, 0x00000000d7280000, 0x0000000100000000)
  eden space 22016K, 100% used [0x00000000d5580000,0x00000000d6b00000,0x00000000d6b00000)
  from space 512K, 35% used [0x00000000d7180000,0x00000000d71ad4b8,0x00000000d7200000)
  to   space 512K, 0% used [0x00000000d7200000,0x00000000d7200000,0x00000000d7280000)
 ParOldGen       total 68608K, used 43591K [0x0000000080000000, 0x0000000084300000, 0x00000000d5580000)
  object space 68608K, 63% used [0x0000000080000000,0x0000000082a91ec8,0x0000000084300000)
 Metaspace       used 65246K, committed 66496K, reserved 1114112K
  class space    used 8197K, committed 8768K, reserved 1048576K
}
Event: 96.687 GC heap after
{Heap after GC invocations=41 (full 3):
 PSYoungGen      total 22528K, used 208K [0x00000000d5580000, 0x00000000d7280000, 0x0000000100000000)
  eden space 22016K, 0% used [0x00000000d5580000,0x00000000d5580000,0x00000000d6b00000)
  from space 512K, 40% used [0x00000000d7200000,0x00000000d7234010,0x00000000d7280000)
  to   space 512K, 0% used [0x00000000d7180000,0x00000000d7180000,0x00000000d7200000)
 ParOldGen       total 68608K, used 43641K [0x0000000080000000, 0x0000000084300000, 0x00000000d5580000)
  object space 68608K, 63% used [0x0000000080000000,0x0000000082a9e730,0x0000000084300000)
 Metaspace       used 65246K, committed 66496K, reserved 1114112K
  class space    used 8197K, committed 8768K, reserved 1048576K
}
Event: 97.402 GC heap before
{Heap before GC invocations=42 (full 3):
 PSYoungGen      total 22528K, used 22224K [0x00000000d5580000, 0x00000000d7280000, 0x0000000100000000)
  eden space 22016K, 100% used [0x00000000d5580000,0x00000000d6b00000,0x00000000d6b00000)
  from space 512K, 40% used [0x00000000d7200000,0x00000000d7234010,0x00000000d7280000)
  to   space 512K, 0% used [0x00000000d7180000,0x00000000d7180000,0x00000000d7200000)
 ParOldGen       total 68608K, used 43641K [0x0000000080000000, 0x0000000084300000, 0x00000000d5580000)
  object space 68608K, 63% used [0x0000000080000000,0x0000000082a9e730,0x0000000084300000)
 Metaspace       used 65246K, committed 66560K, reserved 1114112K
  class space    used 8197K, committed 8768K, reserved 1048576K
}
Event: 97.403 GC heap after
{Heap after GC invocations=42 (full 3):
 PSYoungGen      total 22528K, used 244K [0x00000000d5580000, 0x00000000d7280000, 0x0000000100000000)
  eden space 22016K, 0% used [0x00000000d5580000,0x00000000d5580000,0x00000000d6b00000)
  from space 512K, 47% used [0x00000000d7180000,0x00000000d71bd148,0x00000000d7200000)
  to   space 512K, 0% used [0x00000000d7200000,0x00000000d7200000,0x00000000d7280000)
 ParOldGen       total 68608K, used 43697K [0x0000000080000000, 0x0000000084300000, 0x00000000d5580000)
  object space 68608K, 63% used [0x0000000080000000,0x0000000082aac740,0x0000000084300000)
 Metaspace       used 65246K, committed 66560K, reserved 1114112K
  class space    used 8197K, committed 8768K, reserved 1048576K
}
Event: 98.999 GC heap before
{Heap before GC invocations=43 (full 3):
 PSYoungGen      total 22528K, used 22260K [0x00000000d5580000, 0x00000000d7280000, 0x0000000100000000)
  eden space 22016K, 100% used [0x00000000d5580000,0x00000000d6b00000,0x00000000d6b00000)
  from space 512K, 47% used [0x00000000d7180000,0x00000000d71bd148,0x00000000d7200000)
  to   space 512K, 0% used [0x00000000d7200000,0x00000000d7200000,0x00000000d7280000)
 ParOldGen       total 68608K, used 43697K [0x0000000080000000, 0x0000000084300000, 0x00000000d5580000)
  object space 68608K, 63% used [0x0000000080000000,0x0000000082aac740,0x0000000084300000)
 Metaspace       used 67527K, committed 68864K, reserved 1114112K
  class space    used 8540K, committed 9088K, reserved 1048576K
}
Event: 99.002 GC heap after
{Heap after GC invocations=43 (full 3):
 PSYoungGen      total 22528K, used 496K [0x00000000d5580000, 0x00000000d7280000, 0x0000000100000000)
  eden space 22016K, 0% used [0x00000000d5580000,0x00000000d5580000,0x00000000d6b00000)
  from space 512K, 96% used [0x00000000d7200000,0x00000000d727c020,0x00000000d7280000)
  to   space 1024K, 0% used [0x00000000d7080000,0x00000000d7080000,0x00000000d7180000)
 ParOldGen       total 68608K, used 43897K [0x0000000080000000, 0x0000000084300000, 0x00000000d5580000)
  object space 68608K, 63% used [0x0000000080000000,0x0000000082ade740,0x0000000084300000)
 Metaspace       used 67527K, committed 68864K, reserved 1114112K
  class space    used 8540K, committed 9088K, reserved 1048576K
}
Event: 160.766 GC heap before
{Heap before GC invocations=44 (full 3):
 PSYoungGen      total 22528K, used 22512K [0x00000000d5580000, 0x00000000d7280000, 0x0000000100000000)
  eden space 22016K, 100% used [0x00000000d5580000,0x00000000d6b00000,0x00000000d6b00000)
  from space 512K, 96% used [0x00000000d7200000,0x00000000d727c020,0x00000000d7280000)
  to   space 1024K, 0% used [0x00000000d7080000,0x00000000d7080000,0x00000000d7180000)
 ParOldGen       total 68608K, used 43897K [0x0000000080000000, 0x0000000084300000, 0x00000000d5580000)
  object space 68608K, 63% used [0x0000000080000000,0x0000000082ade740,0x0000000084300000)
 Metaspace       used 69133K, committed 70528K, reserved 1114112K
  class space    used 8716K, committed 9344K, reserved 1048576K
}
Event: 160.846 GC heap after
{Heap after GC invocations=44 (full 3):
 PSYoungGen      total 23040K, used 416K [0x00000000d5580000, 0x00000000d7280000, 0x0000000100000000)
  eden space 22016K, 0% used [0x00000000d5580000,0x00000000d5580000,0x00000000d6b00000)
  from space 1024K, 40% used [0x00000000d7080000,0x00000000d70e8000,0x00000000d7180000)
  to   space 1024K, 0% used [0x00000000d7180000,0x00000000d7180000,0x00000000d7280000)
 ParOldGen       total 68608K, used 44401K [0x0000000080000000, 0x0000000084300000, 0x00000000d5580000)
  object space 68608K, 64% used [0x0000000080000000,0x0000000082b5c770,0x0000000084300000)
 Metaspace       used 69133K, committed 70528K, reserved 1114112K
  class space    used 8716K, committed 9344K, reserved 1048576K
}
Event: 180.347 GC heap before
{Heap before GC invocations=45 (full 3):
 PSYoungGen      total 23040K, used 22432K [0x00000000d5580000, 0x00000000d7280000, 0x0000000100000000)
  eden space 22016K, 100% used [0x00000000d5580000,0x00000000d6b00000,0x00000000d6b00000)
  from space 1024K, 40% used [0x00000000d7080000,0x00000000d70e8000,0x00000000d7180000)
  to   space 1024K, 0% used [0x00000000d7180000,0x00000000d7180000,0x00000000d7280000)
 ParOldGen       total 68608K, used 44401K [0x0000000080000000, 0x0000000084300000, 0x00000000d5580000)
  object space 68608K, 64% used [0x0000000080000000,0x0000000082b5c770,0x0000000084300000)
 Metaspace       used 69258K, committed 70656K, reserved 1114112K
  class space    used 8735K, committed 9344K, reserved 1048576K
}
Event: 180.403 GC heap after
{Heap after GC invocations=45 (full 3):
 PSYoungGen      total 22528K, used 160K [0x00000000d5580000, 0x00000000d7200000, 0x0000000100000000)
  eden space 22016K, 0% used [0x00000000d5580000,0x00000000d5580000,0x00000000d6b00000)
  from space 512K, 31% used [0x00000000d7180000,0x00000000d71a8000,0x00000000d7200000)
  to   space 512K, 0% used [0x00000000d7100000,0x00000000d7100000,0x00000000d7180000)
 ParOldGen       total 68608K, used 44752K [0x0000000080000000, 0x0000000084300000, 0x00000000d5580000)
  object space 68608K, 65% used [0x0000000080000000,0x0000000082bb4310,0x0000000084300000)
 Metaspace       used 69258K, committed 70656K, reserved 1114112K
  class space    used 8735K, committed 9344K, reserved 1048576K
}

